\BOOKMARK [1][-]{section.1}{Maze}{}
\BOOKMARK [2][-]{subsection.1.1}{题目描述}{section.1}
\BOOKMARK [2][-]{subsection.1.2}{输入格式}{section.1}
\BOOKMARK [2][-]{subsection.1.3}{输出格式}{section.1}
\BOOKMARK [2][-]{subsection.1.4}{样例输入}{section.1}
\BOOKMARK [2][-]{subsection.1.5}{样例输出}{section.1}
\BOOKMARK [2][-]{subsection.1.6}{数据规模}{section.1}
\BOOKMARK [1][-]{section.2}{Line}{}
\BOOKMARK [2][-]{subsection.2.1}{题目描述}{section.2}
\BOOKMARK [2][-]{subsection.2.2}{输入格式}{section.2}
\BOOKMARK [2][-]{subsection.2.3}{输出格式}{section.2}
\BOOKMARK [2][-]{subsection.2.4}{样例输入}{section.2}
\BOOKMARK [2][-]{subsection.2.5}{样例输出}{section.2}
\BOOKMARK [2][-]{subsection.2.6}{数据规模}{section.2}
\BOOKMARK [1][-]{section.3}{Book}{}
\BOOKMARK [2][-]{subsection.3.1}{题目描述}{section.3}
\BOOKMARK [2][-]{subsection.3.2}{输入格式}{section.3}
\BOOKMARK [2][-]{subsection.3.3}{输出格式}{section.3}
\BOOKMARK [2][-]{subsection.3.4}{样例输入}{section.3}
\BOOKMARK [2][-]{subsection.3.5}{样例输出}{section.3}
\BOOKMARK [2][-]{subsection.3.6}{数据规模}{section.3}
